#
# There is insufficient memory for the Java Runtime Environment to continue.
# Native memory allocation (mmap) failed to map 268435456 bytes for G1 virtual space
# Possible reasons:
#   The system is out of physical RAM or swap space
#   The process is running with CompressedOops enabled, and the Java Heap may be blocking the growth of the native heap
# Possible solutions:
#   Reduce memory load on the system
#   Increase physical memory or swap space
#   Check if swap backing store is full
#   Decrease Java heap size (-Xmx/-Xms)
#   Decrease number of Java threads
#   Decrease Java thread stack sizes (-Xss)
#   Set larger code cache with -XX:ReservedCodeCacheSize=
#   JVM is running with Zero Based Compressed Oops mode in which the Java heap is
#     placed in the first 32GB address space. The Java Heap base address is the
#     maximum limit for the native heap growth. Please use -XX:HeapBaseMinAddress
#     to set the Java Heap base and to place the Java Heap above 32GB virtual address.
# This output file may be truncated or incomplete.
#
#  Out of Memory Error (os_windows.cpp:3771), pid=2484, tid=14692
#
# JRE version:  (17.0.7) (build )
# Java VM: OpenJDK 64-Bit Server VM (17.0.7+0-b2043.56-10550314, mixed mode, sharing, tiered, compressed oops, compressed class ptrs, g1 gc, windows-amd64)
# No core dump will be written. Minidumps are not enabled by default on client versions of Windows
#

---------------  S U M M A R Y ------------

Command Line: git4idea.http.GitAskPassApp Username for 'https://github.com': 

Host: Intel(R) Core(TM) i5-10400F CPU @ 2.90GHz, 12 cores, 15G,  Windows 10 , 64 bit Build 19041 (10.0.19041.804)
Time: Wed Jan 31 01:00:40 2024 RTZ 2 (s 10 , 64 bit Build 19041 (10.0.19041.804) elapsed time: 0.092838 seconds (0d 0h 0m 0s)

---------------  T H R E A D  ---------------

Current thread (0x000002061b721e70):  JavaThread "Unknown thread" [_thread_in_vm, id=14692, stack(0x000000c6fef00000,0x000000c6ff000000)]

Stack: [0x000000c6fef00000,0x000000c6ff000000]
Native frames: (J=compiled Java code, j=interpreted, Vv=VM code, C=native code)
V  [jvm.dll+0x683bfa]
V  [jvm.dll+0x8430a4]
V  [jvm.dll+0x8449be]
V  [jvm.dll+0x845023]
V  [jvm.dll+0x24ad2f]
V  [jvm.dll+0x680ac9]
V  [jvm.dll+0x67519a]
V  [jvm.dll+0x30b3cb]
V  [jvm.dll+0x312876]
V  [jvm.dll+0x36221e]
V  [jvm.dll+0x36244f]
V  [jvm.dll+0x2e14a8]
V  [jvm.dll+0x2e2414]
V  [jvm.dll+0x814391]
V  [jvm.dll+0x36ffe1]
V  [jvm.dll+0x7f396c]
V  [jvm.dll+0x3f305f]
V  [jvm.dll+0x3f4b91]
C  [jli.dll+0x528f]
C  [ucrtbase.dll+0x21bb2]
C  [KERNEL32.DLL+0x17034]
C  [ntdll.dll+0x52651]


---------------  P R O C E S S  ---------------

Threads class SMR info:
_java_thread_list=0x00007ff9b03dd098, length=0, elements={
}

Java Threads: ( => current thread )

Other Threads:
  0x000002061b78e870 GCTaskThread "GC Thread#0" [stack: 0x000000c6ff000000,0x000000c6ff100000] [id=13844]
  0x000002061b7a17a0 ConcurrentGCThread "G1 Main Marker" [stack: 0x000000c6ff100000,0x000000c6ff200000] [id=9172]
  0x000002061b7a2950 ConcurrentGCThread "G1 Conc#0" [stack: 0x000000c6ff200000,0x000000c6ff300000] [id=11056]

[error occurred during error reporting (printing all threads), id 0xc0000005, EXCEPTION_ACCESS_VIOLATION (0xc0000005) at pc=0x00007ff9afb92087]

VM state: not at safepoint (not fully initialized)

VM Mutex/Monitor currently owned by a thread:  ([mutex/lock_event])
[0x000002061b71c2d0] Heap_lock - owner thread: 0x000002061b721e70

Heap address: 0x0000000701000000, size: 4080 MB, Compressed Oops mode: Zero based, Oop shift amount: 3

CDS archive(s) mapped at: [0x0000000000000000-0x0000000000000000-0x0000000000000000), size 0, SharedBaseAddress: 0x0000000800000000, ArchiveRelocationMode: 0.
Narrow klass base: 0x0000000000000000, Narrow klass shift: 0, Narrow klass range: 0x0

GC Precious Log:
<Empty>

Heap:
 garbage-first heap   total 0K, used 0K [0x0000000701000000, 0x0000000800000000)
  region size 2048K, 0 young (0K), 0 survivors (0K)
 Metaspace       used 0K, committed 0K, reserved 0K
  class space    used 0K, committed 0K, reserved 0K

Heap Regions: E=young(eden), S=young(survivor), O=old, HS=humongous(starts), HC=humongous(continues), CS=collection set, F=free, OA=open archive, CA=closed archive, TAMS=top-at-mark-start (previous, next)

Card table byte_map: [0x000002062e950000,0x000002062f150000] _byte_map_base: 0x000002062b148000

Marking Bits (Prev, Next): (CMBitMap*) 0x000002061b78ee80, (CMBitMap*) 0x000002061b78eec0
 Prev Bits: [0x000002062f950000, 0x0000020633910000)
 Next Bits: [0x0000020633910000, 0x00000206378d0000)

GC Heap History (0 events):
No events

Dll operation events (1 events):
Event: 0.051 Loaded shared library E:\Soft\AndroidStdNew\jbr\bin\java.dll

Deoptimization events (0 events):
No events

Classes unloaded (0 events):
No events

Classes redefined (0 events):
No events

Internal exceptions (0 events):
No events

VM Operations (0 events):
No events

Events (0 events):
No events


Dynamic libraries:
0x00007ff689db0000 - 0x00007ff689dba000 	E:\Soft\AndroidStdNew\jbr\bin\java.exe
0x00007ffa22610000 - 0x00007ffa22805000 	C:\Windows\SYSTEM32\ntdll.dll
0x00007ff9f3010000 - 0x00007ff9f3029000 	C:\Program Files\AVG\Antivirus\aswhook.dll
0x00007ffa21ca0000 - 0x00007ffa21d5d000 	C:\Windows\System32\KERNEL32.DLL
0x00007ffa20140000 - 0x00007ffa20409000 	C:\Windows\System32\KERNELBASE.dll
0x00007ffa1fd50000 - 0x00007ffa1fe50000 	C:\Windows\System32\ucrtbase.dll
0x00007ffa02c40000 - 0x00007ffa02c57000 	E:\Soft\AndroidStdNew\jbr\bin\jli.dll
0x00007ffa02090000 - 0x00007ffa020ab000 	E:\Soft\AndroidStdNew\jbr\bin\VCRUNTIME140.dll
0x00007ffa20aa0000 - 0x00007ffa20c40000 	C:\Windows\System32\USER32.dll
0x00007ffa20060000 - 0x00007ffa20082000 	C:\Windows\System32\win32u.dll
0x00007ffa0b3e0000 - 0x00007ffa0b67a000 	C:\Windows\WinSxS\amd64_microsoft.windows.common-controls_6595b64144ccf1df_6.0.19041.844_none_ca00b6081b84eb1d\COMCTL32.dll
0x00007ffa21e70000 - 0x00007ffa21e9a000 	C:\Windows\System32\GDI32.dll
0x00007ffa207f0000 - 0x00007ffa2088e000 	C:\Windows\System32\msvcrt.dll
0x00007ffa20560000 - 0x00007ffa2066b000 	C:\Windows\System32\gdi32full.dll
0x00007ffa20410000 - 0x00007ffa204ad000 	C:\Windows\System32\msvcp_win.dll
0x00007ffa21c10000 - 0x00007ffa21c40000 	C:\Windows\System32\IMM32.DLL
0x00007ffa055d0000 - 0x00007ffa055dc000 	E:\Soft\AndroidStdNew\jbr\bin\vcruntime140_1.dll
0x00007ff9d64c0000 - 0x00007ff9d654d000 	E:\Soft\AndroidStdNew\jbr\bin\msvcp140.dll
0x00007ff9af8a0000 - 0x00007ff9b0520000 	E:\Soft\AndroidStdNew\jbr\bin\server\jvm.dll
0x00007ffa21f20000 - 0x00007ffa21fcc000 	C:\Windows\System32\ADVAPI32.dll
0x00007ffa20740000 - 0x00007ffa207dc000 	C:\Windows\System32\sechost.dll
0x00007ffa224a0000 - 0x00007ffa225cb000 	C:\Windows\System32\RPCRT4.dll
0x00007ffa19a00000 - 0x00007ffa19a0a000 	C:\Windows\SYSTEM32\VERSION.dll
0x00007ffa11e40000 - 0x00007ffa11e67000 	C:\Windows\SYSTEM32\WINMM.dll
0x00007ffa09b60000 - 0x00007ffa09b69000 	C:\Windows\SYSTEM32\WSOCK32.dll
0x00007ffa20d00000 - 0x00007ffa20d6b000 	C:\Windows\System32\WS2_32.dll
0x00007ffa1dcd0000 - 0x00007ffa1dce2000 	C:\Windows\SYSTEM32\kernel.appcore.dll
0x00007ffa1d560000 - 0x00007ffa1d56a000 	E:\Soft\AndroidStdNew\jbr\bin\jimage.dll
0x00007ffa170e0000 - 0x00007ffa172c4000 	C:\Windows\SYSTEM32\DBGHELP.DLL
0x00007ffa16f70000 - 0x00007ffa16f9c000 	C:\Windows\SYSTEM32\dbgcore.DLL
0x00007ffa1ffe0000 - 0x00007ffa20060000 	C:\Windows\System32\bcryptPrimitives.dll
0x00007ffa020b0000 - 0x00007ffa020d5000 	E:\Soft\AndroidStdNew\jbr\bin\java.dll

dbghelp: loaded successfully - version: 4.0.5 - missing functions: none
symbol engine: initialized successfully - sym options: 0x614 - pdb path: .;E:\Soft\AndroidStdNew\jbr\bin;C:\Windows\SYSTEM32;C:\Program Files\AVG\Antivirus;C:\Windows\WinSxS\amd64_microsoft.windows.common-controls_6595b64144ccf1df_6.0.19041.844_none_ca00b6081b84eb1d;E:\Soft\AndroidStdNew\jbr\bin\server

VM Arguments:
java_command: git4idea.http.GitAskPassApp Username for 'https://github.com': 
java_class_path (initial): E:/Soft/AndroidStdNew/plugins/vcs-git/lib/git4idea-rt.jar;E:/Soft/AndroidStdNew/lib/externalProcess-rt.jar
Launcher Type: SUN_STANDARD

[Global flags]
     intx CICompilerCount                          = 4                                         {product} {ergonomic}
     uint ConcGCThreads                            = 3                                         {product} {ergonomic}
     uint G1ConcRefinementThreads                  = 10                                        {product} {ergonomic}
   size_t G1HeapRegionSize                         = 2097152                                   {product} {ergonomic}
    uintx GCDrainStackTargetSize                   = 64                                        {product} {ergonomic}
   size_t InitialHeapSize                          = 268435456                                 {product} {ergonomic}
   size_t MarkStackSize                            = 4194304                                   {product} {ergonomic}
   size_t MaxHeapSize                              = 4278190080                                {product} {ergonomic}
   size_t MinHeapDeltaBytes                        = 2097152                                   {product} {ergonomic}
   size_t MinHeapSize                              = 8388608                                   {product} {ergonomic}
    uintx NonNMethodCodeHeapSize                   = 5839372                                {pd product} {ergonomic}
    uintx NonProfiledCodeHeapSize                  = 122909434                              {pd product} {ergonomic}
    uintx ProfiledCodeHeapSize                     = 122909434                              {pd product} {ergonomic}
    uintx ReservedCodeCacheSize                    = 251658240                              {pd product} {ergonomic}
     bool SegmentedCodeCache                       = true                                      {product} {ergonomic}
   size_t SoftMaxHeapSize                          = 4278190080                             {manageable} {ergonomic}
     bool UseCompressedClassPointers               = true                           {product lp64_product} {ergonomic}
     bool UseCompressedOops                        = true                           {product lp64_product} {ergonomic}
     bool UseG1GC                                  = true                                      {product} {ergonomic}
     bool UseLargePagesIndividualAllocation        = false                                  {pd product} {ergonomic}

Logging:
Log output configuration:
 #0: stdout all=warning uptime,level,tags
 #1: stderr all=off uptime,level,tags

Environment Variables:
PATH=C:/Program Files/Git/mingw64/libexec/git-core;C:/Program Files/Git/mingw64/libexec/git-core;C:\Program Files\Git\mingw64\bin;C:\Program Files\Git\usr\bin;C:\Users\TestUser2\bin;E:\Oculus\Support\oculus-runtime;C:\Python311\Scripts\;C:\Python311\;C:\Program Files (x86)\Common Files\Intel\Shared Libraries\redist\intel64\compiler;C:\Program Files\Common Files\Oracle\Java\javapath;C:\Program Files (x86)\Common Files\Oracle\Java\javapath;C:\Program Files (x86)\Embarcadero\Studio\20.0\bin;C:\Users\Public\Documents\Embarcadero\Studio\20.0\Bpl;C:\Program Files (x86)\Embarcadero\Studio\20.0\bin64;C:\Users\Public\Documents\Embarcadero\Studio\20.0\Bpl\Win64;C:\ProgramData\Oracle\Java\javapath;C:\Windows\system32;C:\Windows;C:\Windows\System32\Wbem;C:\Windows\System32\WindowsPowerShell\v1.0\;C:\Program Files\Microsoft SQL Server\130\Tools\Binn\;C:\Program Files\dotnet\;C:\Program Files\NVIDIA Corporation\NVIDIA NvDLISR;C:\Program Files (x86)\Microsoft SQL Server\150\DTS\Binn\;C:\Program Files\Azure Data Studio\bin;C:\Program Files (x86)\Windows Kits\10\Windows Performance Toolkit\;C:\Program Files\Microsoft VS Code\bin;C:\Program Files\Microsoft SQL Server\Client SDK\ODBC\170\Tools\Binn\;C:\Program Files\Microsoft SQL Server Migration Assistant for Access\bin\;C:\Program Files (x86)\NVIDIA Corporation\PhysX\Common;C:\Program Files\Java\jdk-18\bin;C:\ProgramData\chocolatey\bin;E:\VsCode\node.js\;C:\Program Files\Git\cmd;C:\Users\TestUser2\AppData\Local\Programs\Python\Python310\Scripts\;C:\Users\TestUser2\AppData\Local\Programs\Python\Python310\;C:\Users\TestUser2\AppData\Local\Microsoft\WindowsApps;C:\Users\TestUser2\.dotnet\tools;C:\Users\TestUser2\AppData\Local\Programs\Python\Python310;C:\Users\TestUser2\AppData\Roaming\npm
USERNAME=TestUser2
DISPLAY=:0.0
LC_ALL=en_US.UTF-8
TERM=xterm-256color
TMPDIR=C:\Temp
OS=Windows_NT
PROCESSOR_IDENTIFIER=Intel64 Family 6 Model 165 Stepping 3, GenuineIntel
TMP=C:\Temp
TEMP=C:\Temp


JNI global refs:
JNI global refs: 0, weak refs: 0

JNI global refs memory usage: 0, weak refs: 0

OOME stack traces (most recent first):
Classloader memory used:


---------------  S Y S T E M  ---------------

OS:
 Windows 10 , 64 bit Build 19041 (10.0.19041.804)
OS uptime: 2 days 8:10 hours

CPU: total 12 (initial active 12) (6 cores per cpu, 2 threads per core) family 6 model 165 stepping 3 microcode 0xe0, cx8, cmov, fxsr, ht, mmx, 3dnowpref, sse, sse2, sse3, ssse3, sse4.1, sse4.2, popcnt, lzcnt, tsc, tscinvbit, avx, avx2, aes, erms, clmul, bmi1, bmi2, adx, fma, vzeroupper, clflush, clflushopt

Memory: 4k page, system-wide physical 16319M (351M free)
TotalPageFile size 24511M (AvailPageFile size 26M)
current process WorkingSet (physical memory assigned to process): 11M, peak: 11M
current process commit charge ("private bytes"): 64M, peak: 320M

vm_info: OpenJDK 64-Bit Server VM (17.0.7+0-b2043.56-10550314) for windows-amd64 JRE (17.0.7+0-b2043.56-10550314), built on Jul 24 2023 18:27:45 by "androidbuild" with MS VC++ 16.10 / 16.11 (VS2019)

END.
